<?xml version="1.0" encoding="utf-8"?><testsuites><testsuite name="pytest" errors="0" failures="0" skipped="0" tests="19" time="0.772" timestamp="2026-09-23T14:02:46.720637+08:00" hostname="DJawsl"><testcase classname="testcase.Business Interface.test_business_scenario.TestBusinessScenario" name="test_business_scenario[case_info0]" time="0.162" /><testcase classname="testcase.Business Interface.test_business_scenario.TestBusinessScenario" name="test_business_scenario[case_info1]" time="0.028" /><testcase classname="testcase.Business Interface.test_business_scenario.TestBusinessScenario" name="test_business_scenario[case_info2]" time="0.037" /><testcase classname="testcase.Business Interface.test_business_scenario.TestBusinessScenario" name="test_business_scenario[case_info3]" time="0.038" /><testcase classname="testcase.Business Interface.test_business_scenario.TestBusinessScenario" name="test_business_scenario[case_info4]" time="0.028" /><testcase classname="testcase.Product Manager.test_product_list.TestProductManager" name="test_get_product_list[base_info0-testcase0]" time="0.021" /><testcase classname="testcase.Single Interface.test_debug_api.TestUserManager" name="test_add_user[base_info0-testcase0]" time="0.039" /><testcase classname="testcase.Single Interface.test_debug_api.TestUserManager" name="test_add_user[base_info1-testcase1]" time="0.018" /><testcase classname="testcase.Single Interface.test_debug_api.TestUserManager" name="test_add_user[base_info2-testcase2]" time="0.020" /><testcase classname="testcase.Single Interface.test_debug_api.TestUserManager" name="test_add_user[base_info3-testcase3]" time="0.041" /><testcase classname="testcase.Product Manager.test_product_list.TestProductManager" name="test_get_product_detail[base_info0-testcase0]" time="0.034" /><testcase classname="testcase.Single Interface.test_debug_api.TestUserManager" name="test_update_user[base_info0-testcase0]" time="0.014" /><testcase classname="testcase.Product Manager.test_product_list.TestProductManager" name="test_commit_order[base_info0-testcase0]" time="0.036" /><testcase classname="testcase.Single Interface.test_debug_api.TestUserManager" name="test_delete_user[base_info0-testcase0]" time="0.035" /><testcase classname="testcase.Single Interface.test_debug_api.TestUserManager" name="test_delete_user[base_info1-testcase1]" time="0.030" /><testcase classname="testcase.Single Interface.test_debug_api.TestUserManager" name="test_delete_user[base_info2-testcase2]" time="0.013" /><testcase classname="testcase.Single Interface.test_debug_api.TestUserManager" name="test_delete_user[base_info3-testcase3]" time="0.029" /><testcase classname="testcase.Product Manager.test_product_list.TestProductManager" name="test_pay_order[base_info0-testcase0]" time="0.016" /><testcase classname="testcase.Single Interface.test_debug_api.TestUserManager" name="test_query_user[base_info0-testcase0]" time="0.015" /></testsuite></testsuites>