<?xml version="1.0" encoding="utf-8"?><testsuites><testsuite name="pytest" errors="0" failures="0" skipped="0" tests="19" time="0.640" timestamp="2026-09-22T11:24:57.421089+08:00" hostname="DJawsl"><testcase classname="testcase.Business Interface.test_business_scenario.TestBusinessScenario" name="test_business_scenario[case_info0]" time="0.164" /><testcase classname="testcase.Business Interface.test_business_scenario.TestBusinessScenario" name="test_business_scenario[case_info1]" time="0.025" /><testcase classname="testcase.Business Interface.test_business_scenario.TestBusinessScenario" name="test_business_scenario[case_info2]" time="0.027" /><testcase classname="testcase.Business Interface.test_business_scenario.TestBusinessScenario" name="test_business_scenario[case_info3]" time="0.016" /><testcase classname="testcase.Business Interface.test_business_scenario.TestBusinessScenario" name="test_business_scenario[case_info4]" time="0.014" /><testcase classname="testcase.Product Manager.test_product_list.TestProductManager" name="test_get_product_list[base_info0-testcase0]" time="0.026" /><testcase classname="testcase.Single Interface.test_debug_api.TestUserManager" name="test_add_user[base_info0-testcase0]" time="0.014" /><testcase classname="testcase.Single Interface.test_debug_api.TestUserManager" name="test_add_user[base_info1-testcase1]" time="0.013" /><testcase classname="testcase.Single Interface.test_debug_api.TestUserManager" name="test_add_user[base_info2-testcase2]" time="0.025" /><testcase classname="testcase.Single Interface.test_debug_api.TestUserManager" name="test_add_user[base_info3-testcase3]" time="0.024" /><testcase classname="testcase.Product Manager.test_product_list.TestProductManager" name="test_get_product_detail[base_info0-testcase0]" time="0.015" /><testcase classname="testcase.Single Interface.test_debug_api.TestUserManager" name="test_update_user[base_info0-testcase0]" time="0.013" /><testcase classname="testcase.Product Manager.test_product_list.TestProductManager" name="test_commit_order[base_info0-testcase0]" time="0.040" /><testcase classname="testcase.Single Interface.test_debug_api.TestUserManager" name="test_delete_user[base_info0-testcase0]" time="0.014" /><testcase classname="testcase.Single Interface.test_debug_api.TestUserManager" name="test_delete_user[base_info1-testcase1]" time="0.012" /><testcase classname="testcase.Single Interface.test_debug_api.TestUserManager" name="test_delete_user[base_info2-testcase2]" time="0.022" /><testcase classname="testcase.Single Interface.test_debug_api.TestUserManager" name="test_delete_user[base_info3-testcase3]" time="0.011" /><testcase classname="testcase.Product Manager.test_product_list.TestProductManager" name="test_pay_order[base_info0-testcase0]" time="0.025" /><testcase classname="testcase.Single Interface.test_debug_api.TestUserManager" name="test_query_user[base_info0-testcase0]" time="0.017" /></testsuite></testsuites>